<?xml version="1.0" encoding="UTF-8"?>
<!-- Generated by org.testng.reporters.JUnitReportReporter -->
<testsuite hostname="USMUMANUMO11" failures="0" tests="1" name="Academy.tests.ErrorValidations" time="7.338" errors="0" timestamp="2023-08-03T15:39:35 IST" skipped="0">
  <testcase classname="Academy.tests.ErrorValidations" name="submitOrder" time="7.338"/>
</testsuite> <!-- Academy.tests.ErrorValidations -->
