<?xml version="1.0" encoding="UTF-8"?>
<!-- Generated by org.testng.reporters.JUnitReportReporter -->
<testsuite hostname="USMUMANUMO11" failures="0" tests="2" name="Academy.tests.ErrorValidationsTest" time="42.923" errors="0" timestamp="2023-08-28T14:50:29 IST" skipped="0">
  <testcase classname="Academy.tests.ErrorValidationsTest" name="productErrorValidation" time="14.914"/>
  <testcase classname="Academy.tests.ErrorValidationsTest" name="loginErrorValidation" time="28.009"/>
</testsuite> <!-- Academy.tests.ErrorValidationsTest -->
