<?xml version="1.0" encoding="UTF-8"?>
<!-- Generated by org.testng.reporters.JUnitReportReporter -->
<testsuite hostname="USMUMANUMO11" failures="0" tests="2" name="Academy.tests.ErrorValidationsTest" time="20.748" errors="0" timestamp="2023-08-13T13:19:06 IST" skipped="0">
  <testcase classname="Academy.tests.ErrorValidationsTest" name="loginErrorValidation" time="10.453"/>
  <testcase classname="Academy.tests.ErrorValidationsTest" name="productErrorValidation" time="10.295"/>
</testsuite> <!-- Academy.tests.ErrorValidationsTest -->
